[0.318s] DEBUG:colcon:Command line arguments: ['/usr/bin/colcon', 'list', '-p', '--base-paths', '/home/flynn/code/ros/noetic/src/perception_pcl']
[0.318s] DEBUG:colcon:Parsed command line arguments: Namespace(base_paths=['/home/flynn/code/ros/noetic/src/perception_pcl'], build_base='build', ignore_user_meta=False, log_base=None, log_level=None, main=<bound method ListVerb.main of <colcon_package_information.verb.list.ListVerb object at 0x7fc6b95e3400>>, metas=['./colcon.meta'], names_only=False, packages_above=None, packages_above_and_dependencies=None, packages_above_depth=None, packages_end=None, packages_ignore=None, packages_ignore_regex=None, packages_select=None, packages_select_build_failed=False, packages_select_by_dep=None, packages_select_regex=None, packages_select_test_failures=False, packages_skip=None, packages_skip_build_finished=False, packages_skip_by_dep=None, packages_skip_regex=None, packages_skip_test_passed=False, packages_skip_up_to=None, packages_start=None, packages_up_to=None, packages_up_to_regex=None, paths=None, paths_only=True, topological_graph=False, topological_graph_density=False, topological_graph_dot=False, topological_graph_dot_cluster=False, topological_graph_dot_include_skipped=False, topological_graph_legend=False, topological_order=False, verb_extension=<colcon_package_information.verb.list.ListVerb object at 0x7fc6b95e3400>, verb_name='list', verb_parser=<colcon_defaults.argument_parser.defaults.DefaultArgumentsDecorator object at 0x7fc6b9503970>)
[0.363s] Level 1:colcon.colcon_core.package_discovery:discover_packages(colcon_meta) check parameters
[0.364s] Level 1:colcon.colcon_core.package_discovery:discover_packages(recursive) check parameters
[0.364s] Level 1:colcon.colcon_core.package_discovery:discover_packages(ignore) check parameters
[0.364s] Level 1:colcon.colcon_core.package_discovery:discover_packages(path) check parameters
[0.364s] Level 1:colcon.colcon_core.package_discovery:discover_packages(recursive) discover
[0.364s] INFO:colcon.colcon_core.package_discovery:Crawling recursively for packages in '/home/flynn/code/ros/noetic/src/perception_pcl'
[0.364s] Level 1:colcon.colcon_core.package_identification:_identify(/home/flynn/code/ros/noetic/src/perception_pcl) by extensions ['ignore', 'ignore_ament_install']
[0.364s] Level 1:colcon.colcon_core.package_identification:_identify(/home/flynn/code/ros/noetic/src/perception_pcl) by extension 'ignore'
[0.364s] Level 1:colcon.colcon_core.package_identification:_identify(/home/flynn/code/ros/noetic/src/perception_pcl) by extension 'ignore_ament_install'
[0.364s] Level 1:colcon.colcon_core.package_identification:_identify(/home/flynn/code/ros/noetic/src/perception_pcl) by extensions ['colcon_pkg']
[0.364s] Level 1:colcon.colcon_core.package_identification:_identify(/home/flynn/code/ros/noetic/src/perception_pcl) by extension 'colcon_pkg'
[0.364s] Level 1:colcon.colcon_core.package_identification:_identify(/home/flynn/code/ros/noetic/src/perception_pcl) by extensions ['colcon_meta']
[0.364s] Level 1:colcon.colcon_core.package_identification:_identify(/home/flynn/code/ros/noetic/src/perception_pcl) by extension 'colcon_meta'
[0.364s] Level 1:colcon.colcon_core.package_identification:_identify(/home/flynn/code/ros/noetic/src/perception_pcl) by extensions ['ros']
[0.364s] Level 1:colcon.colcon_core.package_identification:_identify(/home/flynn/code/ros/noetic/src/perception_pcl) by extension 'ros'
[0.377s] Level 1:colcon.colcon_core.package_identification:_identify(/home/flynn/code/ros/noetic/src/perception_pcl) by extensions ['cmake', 'python']
[0.377s] Level 1:colcon.colcon_core.package_identification:_identify(/home/flynn/code/ros/noetic/src/perception_pcl) by extension 'cmake'
[0.377s] Level 1:colcon.colcon_core.package_identification:_identify(/home/flynn/code/ros/noetic/src/perception_pcl) by extension 'python'
[0.377s] Level 1:colcon.colcon_core.package_identification:_identify(/home/flynn/code/ros/noetic/src/perception_pcl) by extensions ['python_setup_py']
[0.377s] Level 1:colcon.colcon_core.package_identification:_identify(/home/flynn/code/ros/noetic/src/perception_pcl) by extension 'python_setup_py'
[0.377s] Level 1:colcon.colcon_core.package_identification:_identify(/home/flynn/code/ros/noetic/src/perception_pcl/log) by extensions ['ignore', 'ignore_ament_install']
[0.377s] Level 1:colcon.colcon_core.package_identification:_identify(/home/flynn/code/ros/noetic/src/perception_pcl/log) by extension 'ignore'
[0.377s] Level 1:colcon.colcon_core.package_identification:_identify(/home/flynn/code/ros/noetic/src/perception_pcl/log) ignored
[0.377s] Level 1:colcon.colcon_core.package_identification:_identify(/home/flynn/code/ros/noetic/src/perception_pcl/pcl_conversions) by extensions ['ignore', 'ignore_ament_install']
[0.378s] Level 1:colcon.colcon_core.package_identification:_identify(/home/flynn/code/ros/noetic/src/perception_pcl/pcl_conversions) by extension 'ignore'
[0.378s] Level 1:colcon.colcon_core.package_identification:_identify(/home/flynn/code/ros/noetic/src/perception_pcl/pcl_conversions) by extension 'ignore_ament_install'
[0.378s] Level 1:colcon.colcon_core.package_identification:_identify(/home/flynn/code/ros/noetic/src/perception_pcl/pcl_conversions) by extensions ['colcon_pkg']
[0.378s] Level 1:colcon.colcon_core.package_identification:_identify(/home/flynn/code/ros/noetic/src/perception_pcl/pcl_conversions) by extension 'colcon_pkg'
[0.378s] Level 1:colcon.colcon_core.package_identification:_identify(/home/flynn/code/ros/noetic/src/perception_pcl/pcl_conversions) by extensions ['colcon_meta']
[0.378s] Level 1:colcon.colcon_core.package_identification:_identify(/home/flynn/code/ros/noetic/src/perception_pcl/pcl_conversions) by extension 'colcon_meta'
[0.378s] Level 1:colcon.colcon_core.package_identification:_identify(/home/flynn/code/ros/noetic/src/perception_pcl/pcl_conversions) by extensions ['ros']
[0.378s] Level 1:colcon.colcon_core.package_identification:_identify(/home/flynn/code/ros/noetic/src/perception_pcl/pcl_conversions) by extension 'ros'
[0.382s] DEBUG:colcon.colcon_core.package_identification:Package '/home/flynn/code/ros/noetic/src/perception_pcl/pcl_conversions' with type 'ros.catkin' and name 'pcl_conversions'
[0.383s] Level 1:colcon.colcon_core.package_identification:_identify(/home/flynn/code/ros/noetic/src/perception_pcl/pcl_ros) by extensions ['ignore', 'ignore_ament_install']
[0.383s] Level 1:colcon.colcon_core.package_identification:_identify(/home/flynn/code/ros/noetic/src/perception_pcl/pcl_ros) by extension 'ignore'
[0.383s] Level 1:colcon.colcon_core.package_identification:_identify(/home/flynn/code/ros/noetic/src/perception_pcl/pcl_ros) by extension 'ignore_ament_install'
[0.383s] Level 1:colcon.colcon_core.package_identification:_identify(/home/flynn/code/ros/noetic/src/perception_pcl/pcl_ros) by extensions ['colcon_pkg']
[0.383s] Level 1:colcon.colcon_core.package_identification:_identify(/home/flynn/code/ros/noetic/src/perception_pcl/pcl_ros) by extension 'colcon_pkg'
[0.383s] Level 1:colcon.colcon_core.package_identification:_identify(/home/flynn/code/ros/noetic/src/perception_pcl/pcl_ros) by extensions ['colcon_meta']
[0.383s] Level 1:colcon.colcon_core.package_identification:_identify(/home/flynn/code/ros/noetic/src/perception_pcl/pcl_ros) by extension 'colcon_meta'
[0.383s] Level 1:colcon.colcon_core.package_identification:_identify(/home/flynn/code/ros/noetic/src/perception_pcl/pcl_ros) by extensions ['ros']
[0.384s] Level 1:colcon.colcon_core.package_identification:_identify(/home/flynn/code/ros/noetic/src/perception_pcl/pcl_ros) by extension 'ros'
[0.387s] DEBUG:colcon.colcon_core.package_identification:Package '/home/flynn/code/ros/noetic/src/perception_pcl/pcl_ros' with type 'ros.catkin' and name 'pcl_ros'
[0.388s] Level 1:colcon.colcon_core.package_identification:_identify(/home/flynn/code/ros/noetic/src/perception_pcl/perception_pcl) by extensions ['ignore', 'ignore_ament_install']
[0.388s] Level 1:colcon.colcon_core.package_identification:_identify(/home/flynn/code/ros/noetic/src/perception_pcl/perception_pcl) by extension 'ignore'
[0.388s] Level 1:colcon.colcon_core.package_identification:_identify(/home/flynn/code/ros/noetic/src/perception_pcl/perception_pcl) by extension 'ignore_ament_install'
[0.388s] Level 1:colcon.colcon_core.package_identification:_identify(/home/flynn/code/ros/noetic/src/perception_pcl/perception_pcl) by extensions ['colcon_pkg']
[0.388s] Level 1:colcon.colcon_core.package_identification:_identify(/home/flynn/code/ros/noetic/src/perception_pcl/perception_pcl) by extension 'colcon_pkg'
[0.388s] Level 1:colcon.colcon_core.package_identification:_identify(/home/flynn/code/ros/noetic/src/perception_pcl/perception_pcl) by extensions ['colcon_meta']
[0.388s] Level 1:colcon.colcon_core.package_identification:_identify(/home/flynn/code/ros/noetic/src/perception_pcl/perception_pcl) by extension 'colcon_meta'
[0.388s] Level 1:colcon.colcon_core.package_identification:_identify(/home/flynn/code/ros/noetic/src/perception_pcl/perception_pcl) by extensions ['ros']
[0.388s] Level 1:colcon.colcon_core.package_identification:_identify(/home/flynn/code/ros/noetic/src/perception_pcl/perception_pcl) by extension 'ros'
[0.389s] DEBUG:colcon.colcon_core.package_identification:Package '/home/flynn/code/ros/noetic/src/perception_pcl/perception_pcl' with type 'ros.catkin' and name 'perception_pcl'
[0.389s] Level 1:colcon.colcon_core.package_discovery:discover_packages(recursive) using defaults
